<?xml version="1.0" encoding="UTF-8"?>
<testng-results ignored="0" total="1" passed="1" failed="0" skipped="0">
  <reporter-output>
  </reporter-output>
  <suite started-at="2024-10-10T17:34:24 IST" name="Default suite" finished-at="2024-10-10T17:34:35 IST" duration-ms="10787">
    <groups>
    </groups>
    <test started-at="2024-10-10T17:34:24 IST" name="Default test" finished-at="2024-10-10T17:34:35 IST" duration-ms="10787">
      <class name="practice_pom.SampleTestWitPOM">
        <test-method signature="sampleTest()[pri:0, instance:practice_pom.SampleTestWitPOM@48aca48b]" started-at="2024-10-10T17:34:24 IST" name="sampleTest" finished-at="2024-10-10T17:34:35 IST" duration-ms="10690" status="PASS">
          <reporter-output>
          </reporter-output>
        </test-method> <!-- sampleTest -->
      </class> <!-- practice_pom.SampleTestWitPOM -->
    </test> <!-- Default test -->
  </suite> <!-- Default suite -->
</testng-results>
